<?xml version="1.0" encoding="UTF-8"?>
<!-- Generated by org.testng.reporters.JUnitReportReporter -->
<testsuite hostname="ShwasthiRLaptop56786293" failures="0" tests="5" name="testCases.TC_003_LoginDDT" time="153.583" errors="0" timestamp="2023-07-13T15:59:44 EDT" skipped="0">
  <testcase classname="testCases.TC_003_LoginDDT" name="test_LoginDDT" time="30.595"/>
  <testcase classname="testCases.TC_003_LoginDDT" name="test_LoginDDT" time="30.640"/>
  <testcase classname="testCases.TC_003_LoginDDT" name="test_LoginDDT" time="30.650"/>
  <testcase classname="testCases.TC_003_LoginDDT" name="test_LoginDDT" time="31.056"/>
  <testcase classname="testCases.TC_003_LoginDDT" name="test_LoginDDT" time="30.642"/>
</testsuite> <!-- testCases.TC_003_LoginDDT -->
